<?xml version="1.0" encoding="UTF-8" ?>
<testsuite errors="1" failures="0" hostname="Lenovo-PC" name="code.Find" skipped="0" tests="1" time="0.053" timestamp="2016-02-21T14:14:29">
  <properties>
[...]
</properties>
  <testcase classname="code.Find" name="initializationError" time="0.005">
    <error message="No runnable methods" type="java.lang.Exception">java.lang.Exception: No runnable methods
	at java.lang.reflect.Constructor.newInstance(Unknown Source)
</error>
  </testcase>
  <system-out><![CDATA[]]></system-out>
  <system-err><![CDATA[]]></system-err>
</testsuite>
